<?xml version="1.0" encoding="UTF-8"?>
<!-- Generated by org.testng.reporters.JUnitXMLReporter -->
<testsuite hostname="P5-GL71N62" name="Test" tests="6" failures="1" timestamp="16 May 2018 07:49:54 GMT" time="0.069" errors="0">
  <testcase name="test3" time="0.02" classname="org.SeleniumMaven.NewTest"/>
  <testcase name="test2" time="0.002" classname="org.SeleniumMaven.NewTest">
    <failure type="java.lang.ArithmeticException" message="/ by zero">
      <![CDATA[java.lang.ArithmeticException: / by zero
	at org.SeleniumMaven.NewTest.test2(NewTest.java:14)
... Removed 24 stack frames]]>
    </failure>
  </testcase> <!-- test2 -->
  <testcase name="test1" time="0.001" classname="org.SeleniumMaven.NewTest1"/>
  <testcase name="f" time="0.001" classname="org.SeleniumMaven.NewTest2"/>
  <testcase name="f" time="0.001" classname="org.SeleniumMaven.NewTest2"/>
  <testcase name="f" time="0.001" classname="org.SeleniumMaven.NewTest2"/>
</testsuite> <!-- Test -->
