<?xml version="1.0" encoding="UTF-8"?>
<testng-results skipped="0" failed="1" total="2" passed="1">
  <reporter-output>
  </reporter-output>
  <suite name="Default suite" duration-ms="28491" started-at="2018-05-18T05:00:32Z" finished-at="2018-05-18T05:01:00Z">
    <groups>
    </groups>
    <test name="Default test" duration-ms="28491" started-at="2018-05-18T05:00:32Z" finished-at="2018-05-18T05:01:00Z">
      <class name="org.SeleniumMaven.LoginTestMe">
        <test-method status="PASS" signature="beforeTest()[pri:0, instance:org.SeleniumMaven.LoginTestMe@25b2fe]" name="beforeTest" is-config="true" duration-ms="11832" started-at="2018-05-18T10:30:32Z" finished-at="2018-05-18T10:30:44Z">
          <reporter-output>
          </reporter-output>
        </test-method> <!-- beforeTest -->
        <test-method status="PASS" signature="test_me_login()[pri:1, instance:org.SeleniumMaven.LoginTestMe@25b2fe]" name="test_me_login" duration-ms="1143" started-at="2018-05-18T10:30:44Z" finished-at="2018-05-18T10:30:45Z">
          <reporter-output>
          </reporter-output>
        </test-method> <!-- test_me_login -->
        <test-method status="FAIL" signature="select_category()[pri:2, instance:org.SeleniumMaven.LoginTestMe@25b2fe]" name="select_category" duration-ms="15467" started-at="2018-05-18T10:30:45Z" finished-at="2018-05-18T10:31:00Z">
          <exception class="org.openqa.selenium.TimeoutException">
            <message>
              <![CDATA[Expected condition failed: waiting for visibility of element located by By.xpath: //*[text()='Head Phone'] (tried for 10 second(s) with 500 MILLISECONDS interval)
Build info: version: '3.4.0', revision: 'unknown', time: 'unknown'
System info: host: 'P5-GL71N62', ip: '10.253.180.130', os.name: 'Windows 10', os.arch: 'x86', os.version: '10.0', java.version: '1.8.0_171'
Driver info: org.openqa.selenium.firefox.FirefoxDriver
Capabilities [{moz:profile=C:\Users\A06438_P5.Training\AppData\Local\Temp\rust_mozprofile.N8i0HMBOoyM4, rotatable=false, timeouts={implicit=0.0, pageLoad=300000.0, script=30000.0}, pageLoadStrategy=normal, moz:headless=false, platform=ANY, moz:accessibilityChecks=false, moz:useNonSpecCompliantPointerOrigin=false, acceptInsecureCerts=false, browserVersion=60.0.1, platformVersion=10.0, moz:processID=44200.0, browserName=firefox, javascriptEnabled=true, platformName=windows_nt, moz:webdriverClick=true}]
Session ID: f72c78f2-3569-4767-8ae4-c81372d6bc32]]>
            </message>
            <full-stacktrace>
              <![CDATA[org.openqa.selenium.TimeoutException: Expected condition failed: waiting for visibility of element located by By.xpath: //*[text()='Head Phone'] (tried for 10 second(s) with 500 MILLISECONDS interval)
Build info: version: '3.4.0', revision: 'unknown', time: 'unknown'
System info: host: 'P5-GL71N62', ip: '10.253.180.130', os.name: 'Windows 10', os.arch: 'x86', os.version: '10.0', java.version: '1.8.0_171'
Driver info: org.openqa.selenium.firefox.FirefoxDriver
Capabilities [{moz:profile=C:\Users\A06438_P5.Training\AppData\Local\Temp\rust_mozprofile.N8i0HMBOoyM4, rotatable=false, timeouts={implicit=0.0, pageLoad=300000.0, script=30000.0}, pageLoadStrategy=normal, moz:headless=false, platform=ANY, moz:accessibilityChecks=false, moz:useNonSpecCompliantPointerOrigin=false, acceptInsecureCerts=false, browserVersion=60.0.1, platformVersion=10.0, moz:processID=44200.0, browserName=firefox, javascriptEnabled=true, platformName=windows_nt, moz:webdriverClick=true}]
Session ID: f72c78f2-3569-4767-8ae4-c81372d6bc32
	at org.openqa.selenium.support.ui.WebDriverWait.timeoutException(WebDriverWait.java:80)
	at org.openqa.selenium.support.ui.FluentWait.until(FluentWait.java:232)
	at org.SeleniumMaven.LoginTestMe.select_category(LoginTestMe.java:49)
	at sun.reflect.NativeMethodAccessorImpl.invoke0(Native Method)
	at sun.reflect.NativeMethodAccessorImpl.invoke(Unknown Source)
	at sun.reflect.DelegatingMethodAccessorImpl.invoke(Unknown Source)
	at java.lang.reflect.Method.invoke(Unknown Source)
	at org.testng.internal.MethodInvocationHelper.invokeMethod(MethodInvocationHelper.java:85)
	at org.testng.internal.Invoker.invokeMethod(Invoker.java:639)
	at org.testng.internal.Invoker.invokeTestMethod(Invoker.java:816)
	at org.testng.internal.Invoker.invokeTestMethods(Invoker.java:1124)
	at org.testng.internal.TestMethodWorker.invokeTestMethods(TestMethodWorker.java:125)
	at org.testng.internal.TestMethodWorker.run(TestMethodWorker.java:108)
	at org.testng.TestRunner.privateRun(TestRunner.java:774)
	at org.testng.TestRunner.run(TestRunner.java:624)
	at org.testng.SuiteRunner.runTest(SuiteRunner.java:359)
	at org.testng.SuiteRunner.runSequentially(SuiteRunner.java:354)
	at org.testng.SuiteRunner.privateRun(SuiteRunner.java:312)
	at org.testng.SuiteRunner.run(SuiteRunner.java:261)
	at org.testng.SuiteRunnerWorker.runSuite(SuiteRunnerWorker.java:52)
	at org.testng.SuiteRunnerWorker.run(SuiteRunnerWorker.java:86)
	at org.testng.TestNG.runSuitesSequentially(TestNG.java:1215)
	at org.testng.TestNG.runSuitesLocally(TestNG.java:1140)
	at org.testng.TestNG.run(TestNG.java:1048)
	at org.testng.remote.AbstractRemoteTestNG.run(AbstractRemoteTestNG.java:114)
	at org.testng.remote.RemoteTestNG.initAndRun(RemoteTestNG.java:251)
	at org.testng.remote.RemoteTestNG.main(RemoteTestNG.java:77)
]]>
            </full-stacktrace>
          </exception> <!-- org.openqa.selenium.TimeoutException -->
          <reporter-output>
          </reporter-output>
        </test-method> <!-- select_category -->
        <test-method status="PASS" signature="afterTest()[pri:0, instance:org.SeleniumMaven.LoginTestMe@25b2fe]" name="afterTest" is-config="true" duration-ms="0" started-at="2018-05-18T10:31:00Z" finished-at="2018-05-18T10:31:00Z">
          <reporter-output>
          </reporter-output>
        </test-method> <!-- afterTest -->
      </class> <!-- org.SeleniumMaven.LoginTestMe -->
    </test> <!-- Default test -->
  </suite> <!-- Default suite -->
</testng-results>
